<?xml version="1.0" encoding="UTF-8"?>
<!-- Generated by org.testng.reporters.JUnitXMLReporter -->
<testsuite hostname="MYTSP01813" ignored="0" name="Surefire test" tests="4" failures="0" timestamp="04 Dec 2020 08:55:13 GMT" time="0.466" errors="0">
  <testcase name="runScenario" time="0.29" classname="cucumber.api.testng.AbstractTestNGCucumberTests"/>
  <testcase name="runScenario" time="0.001" classname="cucumber.api.testng.AbstractTestNGCucumberTests"/>
  <testcase name="runScenario" time="0.001" classname="cucumber.api.testng.AbstractTestNGCucumberTests"/>
  <testcase name="runScenario" time="0.001" classname="cucumber.api.testng.AbstractTestNGCucumberTests"/>
</testsuite> <!-- Surefire test -->
